This file contains any messages produced by compilers while
running configure, to aid debugging if configure makes a mistake.

It was created by darshan-util configure 2.3.0, which was
generated by GNU Autoconf 2.69.  Invocation command line was

  $ ./configure --with-mem-align=8 --with-log-path=./darshan --with-jobid-env=PBS_JOBID CC=mpicc CFLAGS=-DHISTORY

## --------- ##
## Platform. ##
## --------- ##

hostname = ubuntu
uname -m = x86_64
uname -r = 3.13.0-44-generic
uname -s = Linux
uname -v = #73-Ubuntu SMP Tue Dec 16 00:22:43 UTC 2014

/usr/bin/uname -p = unknown
/bin/uname -X     = unknown

/bin/arch              = unknown
/usr/bin/arch -k       = unknown
/usr/convex/getsysinfo = unknown
/usr/bin/hostinfo      = unknown
/bin/machine           = unknown
/usr/bin/oslevel       = unknown
/bin/universe          = unknown

PATH: /home/ishikawa/bin
PATH: /usr/local/sbin
PATH: /usr/local/bin
PATH: /usr/sbin
PATH: /usr/bin
PATH: /sbin
PATH: /bin
PATH: /usr/games
PATH: /usr/local/games


## ----------- ##
## Core tests. ##
## ----------- ##

configure:2156: checking for a BSD-compatible install
configure:2224: result: /usr/bin/install -c
configure:2284: checking for gcc
configure:2311: result: mpicc
configure:2540: checking for C compiler version
configure:2549: mpicc --version >&5
cc (Ubuntu 4.8.2-19ubuntu1) 4.8.2
Copyright (C) 2013 Free Software Foundation, Inc.
This is free software; see the source for copying conditions.  There is NO
warranty; not even for MERCHANTABILITY or FITNESS FOR A PARTICULAR PURPOSE.

configure:2560: $? = 0
configure:2549: mpicc -v >&5
mpicc for MPICH version 3.0.4
Using built-in specs.
COLLECT_GCC=cc
COLLECT_LTO_WRAPPER=/usr/lib/gcc/x86_64-linux-gnu/4.8/lto-wrapper
Target: x86_64-linux-gnu
Configured with: ../src/configure -v --with-pkgversion='Ubuntu 4.8.2-19ubuntu1' --with-bugurl=file:///usr/share/doc/gcc-4.8/README.Bugs --enable-languages=c,c++,java,go,d,fortran,objc,obj-c++ --prefix=/usr --program-suffix=-4.8 --enable-shared --enable-linker-build-id --libexecdir=/usr/lib --without-included-gettext --enable-threads=posix --with-gxx-include-dir=/usr/include/c++/4.8 --libdir=/usr/lib --enable-nls --with-sysroot=/ --enable-clocale=gnu --enable-libstdcxx-debug --enable-libstdcxx-time=yes --enable-gnu-unique-object --disable-libmudflap --enable-plugin --with-system-zlib --disable-browser-plugin --enable-java-awt=gtk --enable-gtk-cairo --with-java-home=/usr/lib/jvm/java-1.5.0-gcj-4.8-amd64/jre --enable-java-home --with-jvm-root-dir=/usr/lib/jvm/java-1.5.0-gcj-4.8-amd64 --with-jvm-jar-dir=/usr/lib/jvm-exports/java-1.5.0-gcj-4.8-amd64 --with-arch-directory=amd64 --with-ecj-jar=/usr/share/java/eclipse-ecj.jar --enable-objc-gc --enable-multiarch --disable-werror --with-arch-32=i686 --with-abi=m64 --with-multilib-list=m32,m64,mx32 --with-tune=generic --enable-checking=release --build=x86_64-linux-gnu --host=x86_64-linux-gnu --target=x86_64-linux-gnu
Thread model: posix
gcc version 4.8.2 (Ubuntu 4.8.2-19ubuntu1) 
configure:2560: $? = 0
configure:2549: mpicc -V >&5
cc: error: unrecognized command line option '-V'
configure:2560: $? = 1
configure:2549: mpicc -qversion >&5
cc: error: unrecognized command line option '-qversion'
configure:2560: $? = 1
configure:2580: checking whether the C compiler works
configure:2602: mpicc -DHISTORY   conftest.c  >&5
configure:2606: $? = 0
configure:2654: result: yes
configure:2657: checking for C compiler default output file name
configure:2659: result: a.out
configure:2665: checking for suffix of executables
configure:2672: mpicc -o conftest -DHISTORY   conftest.c  >&5
configure:2676: $? = 0
configure:2698: result: 
configure:2720: checking whether we are cross compiling
configure:2728: mpicc -o conftest -DHISTORY   conftest.c  >&5
configure:2732: $? = 0
configure:2739: ./conftest
configure:2743: $? = 0
configure:2758: result: no
configure:2763: checking for suffix of object files
configure:2785: mpicc -c -DHISTORY  conftest.c >&5
configure:2789: $? = 0
configure:2810: result: o
configure:2814: checking whether we are using the GNU C compiler
configure:2833: mpicc -c -DHISTORY  conftest.c >&5
configure:2833: $? = 0
configure:2842: result: yes
configure:2851: checking whether mpicc accepts -g
configure:2871: mpicc -c -g  conftest.c >&5
configure:2871: $? = 0
configure:2912: result: yes
configure:2929: checking for mpicc option to accept ISO C89
configure:2992: mpicc  -c -DHISTORY  conftest.c >&5
configure:2992: $? = 0
configure:3005: result: none needed
configure:3031: checking how to run the C preprocessor
configure:3062: mpicc -E  conftest.c
configure:3062: $? = 0
configure:3076: mpicc -E  conftest.c
conftest.c:9:28: fatal error: ac_nonexistent.h: No such file or directory
 #include <ac_nonexistent.h>
                            ^
compilation terminated.
configure:3076: $? = 1
configure: failed program was:
| /* confdefs.h */
| #define PACKAGE_NAME "darshan-util"
| #define PACKAGE_TARNAME "darshan-util"
| #define PACKAGE_VERSION "2.3.0"
| #define PACKAGE_STRING "darshan-util 2.3.0"
| #define PACKAGE_BUGREPORT ""
| #define PACKAGE_URL ""
| /* end confdefs.h.  */
| #include <ac_nonexistent.h>
configure:3101: result: mpicc -E
configure:3121: mpicc -E  conftest.c
configure:3121: $? = 0
configure:3135: mpicc -E  conftest.c
conftest.c:9:28: fatal error: ac_nonexistent.h: No such file or directory
 #include <ac_nonexistent.h>
                            ^
compilation terminated.
configure:3135: $? = 1
configure: failed program was:
| /* confdefs.h */
| #define PACKAGE_NAME "darshan-util"
| #define PACKAGE_TARNAME "darshan-util"
| #define PACKAGE_VERSION "2.3.0"
| #define PACKAGE_STRING "darshan-util 2.3.0"
| #define PACKAGE_BUGREPORT ""
| #define PACKAGE_URL ""
| /* end confdefs.h.  */
| #include <ac_nonexistent.h>
configure:3164: checking for grep that handles long lines and -e
configure:3222: result: /bin/grep
configure:3227: checking for egrep
configure:3289: result: /bin/grep -E
configure:3294: checking for ANSI C header files
configure:3314: mpicc -c -DHISTORY  conftest.c >&5
configure:3314: $? = 0
configure:3387: mpicc -o conftest -DHISTORY   conftest.c  >&5
configure:3387: $? = 0
configure:3387: ./conftest
configure:3387: $? = 0
configure:3398: result: yes
configure:3411: checking for sys/types.h
configure:3411: mpicc -c -DHISTORY  conftest.c >&5
configure:3411: $? = 0
configure:3411: result: yes
configure:3411: checking for sys/stat.h
configure:3411: mpicc -c -DHISTORY  conftest.c >&5
configure:3411: $? = 0
configure:3411: result: yes
configure:3411: checking for stdlib.h
configure:3411: mpicc -c -DHISTORY  conftest.c >&5
configure:3411: $? = 0
configure:3411: result: yes
configure:3411: checking for string.h
configure:3411: mpicc -c -DHISTORY  conftest.c >&5
configure:3411: $? = 0
configure:3411: result: yes
configure:3411: checking for memory.h
configure:3411: mpicc -c -DHISTORY  conftest.c >&5
configure:3411: $? = 0
configure:3411: result: yes
configure:3411: checking for strings.h
configure:3411: mpicc -c -DHISTORY  conftest.c >&5
configure:3411: $? = 0
configure:3411: result: yes
configure:3411: checking for inttypes.h
configure:3411: mpicc -c -DHISTORY  conftest.c >&5
configure:3411: $? = 0
configure:3411: result: yes
configure:3411: checking for stdint.h
configure:3411: mpicc -c -DHISTORY  conftest.c >&5
configure:3411: $? = 0
configure:3411: result: yes
configure:3411: checking for unistd.h
configure:3411: mpicc -c -DHISTORY  conftest.c >&5
configure:3411: $? = 0
configure:3411: result: yes
configure:3426: checking if zlib is wanted
configure:3594: checking if bzlib is wanted
configure:3626: result: yes
configure:3639: checking for BZ2_bzCompressInit in -lbz2
configure:3664: mpicc -o conftest -DHISTORY  -I/usr/include  -L/usr/lib conftest.c -lbz2   >&5
/usr/bin/ld: cannot find -lbz2
collect2: error: ld returned 1 exit status
configure:3664: $? = 1
configure: failed program was:
| /* confdefs.h */
| #define PACKAGE_NAME "darshan-util"
| #define PACKAGE_TARNAME "darshan-util"
| #define PACKAGE_VERSION "2.3.0"
| #define PACKAGE_STRING "darshan-util 2.3.0"
| #define PACKAGE_BUGREPORT ""
| #define PACKAGE_URL ""
| #define STDC_HEADERS 1
| #define HAVE_SYS_TYPES_H 1
| #define HAVE_SYS_STAT_H 1
| #define HAVE_STDLIB_H 1
| #define HAVE_STRING_H 1
| #define HAVE_MEMORY_H 1
| #define HAVE_STRINGS_H 1
| #define HAVE_INTTYPES_H 1
| #define HAVE_STDINT_H 1
| #define HAVE_UNISTD_H 1
| /* end confdefs.h.  */
| 
| /* Override any GCC internal prototype to avoid an error.
|    Use char because int might match the return type of a GCC
|    builtin and then its argument prototype would still apply.  */
| #ifdef __cplusplus
| extern "C"
| #endif
| char BZ2_bzCompressInit ();
| int
| main ()
| {
| return BZ2_bzCompressInit ();
|   ;
|   return 0;
| }
configure:3673: result: no
configure:3681: checking bzlib.h usability
configure:3681: mpicc -c -DHISTORY  -I/usr/include conftest.c >&5
conftest.c:52:19: fatal error: bzlib.h: No such file or directory
 #include <bzlib.h>
                   ^
compilation terminated.
configure:3681: $? = 1
configure: failed program was:
| /* confdefs.h */
| #define PACKAGE_NAME "darshan-util"
| #define PACKAGE_TARNAME "darshan-util"
| #define PACKAGE_VERSION "2.3.0"
| #define PACKAGE_STRING "darshan-util 2.3.0"
| #define PACKAGE_BUGREPORT ""
| #define PACKAGE_URL ""
| #define STDC_HEADERS 1
| #define HAVE_SYS_TYPES_H 1
| #define HAVE_SYS_STAT_H 1
| #define HAVE_STDLIB_H 1
| #define HAVE_STRING_H 1
| #define HAVE_MEMORY_H 1
| #define HAVE_STRINGS_H 1
| #define HAVE_INTTYPES_H 1
| #define HAVE_STDINT_H 1
| #define HAVE_UNISTD_H 1
| /* end confdefs.h.  */
| #include <stdio.h>
| #ifdef HAVE_SYS_TYPES_H
| # include <sys/types.h>
| #endif
| #ifdef HAVE_SYS_STAT_H
| # include <sys/stat.h>
| #endif
| #ifdef STDC_HEADERS
| # include <stdlib.h>
| # include <stddef.h>
| #else
| # ifdef HAVE_STDLIB_H
| #  include <stdlib.h>
| # endif
| #endif
| #ifdef HAVE_STRING_H
| # if !defined STDC_HEADERS && defined HAVE_MEMORY_H
| #  include <memory.h>
| # endif
| # include <string.h>
| #endif
| #ifdef HAVE_STRINGS_H
| # include <strings.h>
| #endif
| #ifdef HAVE_INTTYPES_H
| # include <inttypes.h>
| #endif
| #ifdef HAVE_STDINT_H
| # include <stdint.h>
| #endif
| #ifdef HAVE_UNISTD_H
| # include <unistd.h>
| #endif
| #include <bzlib.h>
configure:3681: result: no
configure:3681: checking bzlib.h presence
configure:3681: mpicc -E  -I/usr/include conftest.c
conftest.c:19:19: fatal error: bzlib.h: No such file or directory
 #include <bzlib.h>
                   ^
compilation terminated.
configure:3681: $? = 1
configure: failed program was:
| /* confdefs.h */
| #define PACKAGE_NAME "darshan-util"
| #define PACKAGE_TARNAME "darshan-util"
| #define PACKAGE_VERSION "2.3.0"
| #define PACKAGE_STRING "darshan-util 2.3.0"
| #define PACKAGE_BUGREPORT ""
| #define PACKAGE_URL ""
| #define STDC_HEADERS 1
| #define HAVE_SYS_TYPES_H 1
| #define HAVE_SYS_STAT_H 1
| #define HAVE_STDLIB_H 1
| #define HAVE_STRING_H 1
| #define HAVE_MEMORY_H 1
| #define HAVE_STRINGS_H 1
| #define HAVE_INTTYPES_H 1
| #define HAVE_STDINT_H 1
| #define HAVE_UNISTD_H 1
| /* end confdefs.h.  */
| #include <bzlib.h>
configure:3681: result: no
configure:3681: checking for bzlib.h
configure:3681: result: no
configure:3755: checking bzlib in /usr
configure:3759: result: failed
configure:3765: WARNING: libbz2 not found; Darshan utilities will use gzip only.
configure:3776: checking for inttypes.h
configure:3776: result: yes
configure:3787: checking whether the inttypes.h PRIxNN macros are broken
configure:3808: mpicc -c -DHISTORY  conftest.c >&5
configure:3808: $? = 0
configure:3816: result: no
configure:3836: checking for inttypes.h
configure:3836: result: yes
configure:3852: checking for pdflatex
configure:3868: found /usr/bin/pdflatex
configure:3880: result: yes
configure:3890: checking for -halt-on-error argument to pdflatex
configure:3894: result: yes
configure:3904: checking whether byte ordering is bigendian
configure:3919: mpicc -c -DHISTORY  conftest.c >&5
conftest.c:22:9: error: unknown type name 'not'
         not a universal capable compiler
         ^
conftest.c:22:15: error: expected '=', ',', ';', 'asm' or '__attribute__' before 'universal'
         not a universal capable compiler
               ^
conftest.c:22:15: error: unknown type name 'universal'
configure:3919: $? = 1
configure: failed program was:
| /* confdefs.h */
| #define PACKAGE_NAME "darshan-util"
| #define PACKAGE_TARNAME "darshan-util"
| #define PACKAGE_VERSION "2.3.0"
| #define PACKAGE_STRING "darshan-util 2.3.0"
| #define PACKAGE_BUGREPORT ""
| #define PACKAGE_URL ""
| #define STDC_HEADERS 1
| #define HAVE_SYS_TYPES_H 1
| #define HAVE_SYS_STAT_H 1
| #define HAVE_STDLIB_H 1
| #define HAVE_STRING_H 1
| #define HAVE_MEMORY_H 1
| #define HAVE_STRINGS_H 1
| #define HAVE_INTTYPES_H 1
| #define HAVE_STDINT_H 1
| #define HAVE_UNISTD_H 1
| #define HAVE_INTTYPES_H 1
| #define HAVE_INTTYPES_H 1
| /* end confdefs.h.  */
| #ifndef __APPLE_CC__
| 	       not a universal capable compiler
| 	     #endif
| 	     typedef int dummy;
| 
configure:3964: mpicc -c -DHISTORY  conftest.c >&5
configure:3964: $? = 0
configure:3982: mpicc -c -DHISTORY  conftest.c >&5
conftest.c: In function 'main':
conftest.c:28:4: error: unknown type name 'not'
    not big endian
    ^
conftest.c:28:12: error: expected '=', ',', ';', 'asm' or '__attribute__' before 'endian'
    not big endian
            ^
configure:3982: $? = 1
configure: failed program was:
| /* confdefs.h */
| #define PACKAGE_NAME "darshan-util"
| #define PACKAGE_TARNAME "darshan-util"
| #define PACKAGE_VERSION "2.3.0"
| #define PACKAGE_STRING "darshan-util 2.3.0"
| #define PACKAGE_BUGREPORT ""
| #define PACKAGE_URL ""
| #define STDC_HEADERS 1
| #define HAVE_SYS_TYPES_H 1
| #define HAVE_SYS_STAT_H 1
| #define HAVE_STDLIB_H 1
| #define HAVE_STRING_H 1
| #define HAVE_MEMORY_H 1
| #define HAVE_STRINGS_H 1
| #define HAVE_INTTYPES_H 1
| #define HAVE_STDINT_H 1
| #define HAVE_UNISTD_H 1
| #define HAVE_INTTYPES_H 1
| #define HAVE_INTTYPES_H 1
| /* end confdefs.h.  */
| #include <sys/types.h>
| 		#include <sys/param.h>
| 
| int
| main ()
| {
| #if BYTE_ORDER != BIG_ENDIAN
| 		 not big endian
| 		#endif
| 
|   ;
|   return 0;
| }
configure:4110: result: no
configure:4131: checking for off64_t
configure:4160: mpicc -c -DHISTORY -D_FILE_OFFSET_BITS=64 -D_LARGEFILE64_SOURCE  conftest.c >&5
configure:4160: $? = 0
configure:4161: result: yes
configure:4186: checking for strndup
configure:4186: mpicc -o conftest -DHISTORY   conftest.c  >&5
conftest.c:45:6: warning: conflicting types for built-in function 'strndup' [enabled by default]
 char strndup ();
      ^
configure:4186: $? = 0
configure:4186: result: yes
configure:4320: creating ./config.status

## ---------------------- ##
## Running config.status. ##
## ---------------------- ##

This file was extended by darshan-util config.status 2.3.0, which was
generated by GNU Autoconf 2.69.  Invocation command line was

  CONFIG_FILES    = 
  CONFIG_HEADERS  = 
  CONFIG_LINKS    = 
  CONFIG_COMMANDS = 
  $ ./config.status 

on ubuntu

config.status:815: creating Makefile
config.status:815: creating darshan-job-summary/bin/darshan-job-summary.pl
config.status:815: creating maint/darshan-util.pc
config.status:815: creating darshan-util-config.h
config.status:990: darshan-util-config.h is unchanged
configure:5482: WARNING: unrecognized options: --with-mem-align, --with-log-path, --with-jobid-env

## ---------------- ##
## Cache variables. ##
## ---------------- ##

ac_cv_c_bigendian=no
ac_cv_c_compiler_gnu=yes
ac_cv_env_CC_set=set
ac_cv_env_CC_value=mpicc
ac_cv_env_CFLAGS_set=set
ac_cv_env_CFLAGS_value=-DHISTORY
ac_cv_env_CPPFLAGS_set=
ac_cv_env_CPPFLAGS_value=
ac_cv_env_CPP_set=
ac_cv_env_CPP_value=
ac_cv_env_LDFLAGS_set=
ac_cv_env_LDFLAGS_value=
ac_cv_env_LIBS_set=
ac_cv_env_LIBS_value=
ac_cv_env_build_alias_set=
ac_cv_env_build_alias_value=
ac_cv_env_host_alias_set=
ac_cv_env_host_alias_value=
ac_cv_env_target_alias_set=
ac_cv_env_target_alias_value=
ac_cv_func_strndup=yes
ac_cv_header_bzlib_h=no
ac_cv_header_inttypes_h=yes
ac_cv_header_memory_h=yes
ac_cv_header_stdc=yes
ac_cv_header_stdint_h=yes
ac_cv_header_stdlib_h=yes
ac_cv_header_string_h=yes
ac_cv_header_strings_h=yes
ac_cv_header_sys_stat_h=yes
ac_cv_header_sys_types_h=yes
ac_cv_header_unistd_h=yes
ac_cv_lib_bz2_BZ2_bzCompressInit=no
ac_cv_objext=o
ac_cv_path_EGREP='/bin/grep -E'
ac_cv_path_GREP=/bin/grep
ac_cv_path_install='/usr/bin/install -c'
ac_cv_prog_CPP='mpicc -E'
ac_cv_prog_HAVE_PDFLATEX=yes
ac_cv_prog_ac_ct_CC=mpicc
ac_cv_prog_cc_c89=
ac_cv_prog_cc_g=yes
bzlib_cv_bzlib_h=no
bzlib_cv_libbz2=no
gt_cv_inttypes_pri_broken=no

## ----------------- ##
## Output variables. ##
## ----------------- ##

CC='mpicc'
CFLAGS='-DHISTORY'
CPP='mpicc -E'
CPPFLAGS=''
DARSHAN_ENABLE_SHARED='0'
DARSHAN_UTIL_VERSION='2.3.0'
DEFS='-DHAVE_CONFIG_H'
ECHO_C=''
ECHO_N='-n'
ECHO_T=''
EGREP='/bin/grep -E'
EXEEXT=''
GREP='/bin/grep'
HAVE_PDFLATEX='yes'
INSTALL_DATA='${INSTALL} -m 644'
INSTALL_PROGRAM='${INSTALL}'
INSTALL_SCRIPT='${INSTALL}'
LDFLAGS=''
LIBBZ2=''
LIBOBJS=''
LIBS=''
LTLIBOBJS=''
OBJEXT='o'
PACKAGE_BUGREPORT=''
PACKAGE_NAME='darshan-util'
PACKAGE_STRING='darshan-util 2.3.0'
PACKAGE_TARNAME='darshan-util'
PACKAGE_URL=''
PACKAGE_VERSION='2.3.0'
PATH_SEPARATOR=':'
PRI_MACROS_BROKEN='0'
SHELL='/bin/bash'
__CP_PDFLATEX_HALT_ON_ERROR='-halt-on-error'
__CP_ZLIB_INCLUDE_FLAGS=''
__CP_ZLIB_LINK_FLAGS=''
ac_ct_CC='mpicc'
bindir='${exec_prefix}/bin'
build_alias=''
datadir='${datarootdir}'
datarootdir='${prefix}/share'
docdir='${datarootdir}/doc/${PACKAGE_TARNAME}'
dvidir='${docdir}'
exec_prefix='${prefix}'
host_alias=''
htmldir='${docdir}'
includedir='${prefix}/include'
infodir='${datarootdir}/info'
libdir='${exec_prefix}/lib'
libexecdir='${exec_prefix}/libexec'
localedir='${datarootdir}/locale'
localstatedir='${prefix}/var'
mandir='${datarootdir}/man'
oldincludedir='/usr/include'
pdfdir='${docdir}'
prefix='/usr/local'
program_transform_name='s,x,x,'
psdir='${docdir}'
sbindir='${exec_prefix}/sbin'
sharedstatedir='${prefix}/com'
sysconfdir='${prefix}/etc'
target_alias=''

## ----------- ##
## confdefs.h. ##
## ----------- ##

/* confdefs.h */
#define PACKAGE_NAME "darshan-util"
#define PACKAGE_TARNAME "darshan-util"
#define PACKAGE_VERSION "2.3.0"
#define PACKAGE_STRING "darshan-util 2.3.0"
#define PACKAGE_BUGREPORT ""
#define PACKAGE_URL ""
#define STDC_HEADERS 1
#define HAVE_SYS_TYPES_H 1
#define HAVE_SYS_STAT_H 1
#define HAVE_STDLIB_H 1
#define HAVE_STRING_H 1
#define HAVE_MEMORY_H 1
#define HAVE_STRINGS_H 1
#define HAVE_INTTYPES_H 1
#define HAVE_STDINT_H 1
#define HAVE_UNISTD_H 1
#define HAVE_INTTYPES_H 1
#define HAVE_INTTYPES_H 1
#define HAVE_OFF64_T 1
#define HAVE_STRNDUP 1

configure: exit 0
