This file contains any messages produced by compilers while
running configure, to aid debugging if configure makes a mistake.

It was created by darshan-runtime configure 2.3.0, which was
generated by GNU Autoconf 2.69.  Invocation command line was

  $ ./configure --with-mem-align=8 --with-log-path=./darshan --with-jobid-env=PBS_JOBID CC=mpicc CFLAGS=-DHISTORY

## --------- ##
## Platform. ##
## --------- ##

hostname = ubuntu
uname -m = x86_64
uname -r = 3.13.0-44-generic
uname -s = Linux
uname -v = #73-Ubuntu SMP Tue Dec 16 00:22:43 UTC 2014

/usr/bin/uname -p = unknown
/bin/uname -X     = unknown

/bin/arch              = unknown
/usr/bin/arch -k       = unknown
/usr/convex/getsysinfo = unknown
/usr/bin/hostinfo      = unknown
/bin/machine           = unknown
/usr/bin/oslevel       = unknown
/bin/universe          = unknown

PATH: /home/ishikawa/bin
PATH: /usr/local/sbin
PATH: /usr/local/bin
PATH: /usr/sbin
PATH: /usr/bin
PATH: /sbin
PATH: /bin
PATH: /usr/games
PATH: /usr/local/games


## ----------- ##
## Core tests. ##
## ----------- ##

configure:2158: checking for a BSD-compatible install
configure:2226: result: /usr/bin/install -c
configure:2238: checking whether the mpicc compiler works
configure:2288: checking for gcc
configure:2315: result: mpicc
configure:2544: checking for C compiler version
configure:2553: mpicc --version >&5
cc (Ubuntu 4.8.2-19ubuntu1) 4.8.2
Copyright (C) 2013 Free Software Foundation, Inc.
This is free software; see the source for copying conditions.  There is NO
warranty; not even for MERCHANTABILITY or FITNESS FOR A PARTICULAR PURPOSE.

configure:2564: $? = 0
configure:2553: mpicc -v >&5
mpicc for MPICH version 3.0.4
Using built-in specs.
COLLECT_GCC=cc
COLLECT_LTO_WRAPPER=/usr/lib/gcc/x86_64-linux-gnu/4.8/lto-wrapper
Target: x86_64-linux-gnu
Configured with: ../src/configure -v --with-pkgversion='Ubuntu 4.8.2-19ubuntu1' --with-bugurl=file:///usr/share/doc/gcc-4.8/README.Bugs --enable-languages=c,c++,java,go,d,fortran,objc,obj-c++ --prefix=/usr --program-suffix=-4.8 --enable-shared --enable-linker-build-id --libexecdir=/usr/lib --without-included-gettext --enable-threads=posix --with-gxx-include-dir=/usr/include/c++/4.8 --libdir=/usr/lib --enable-nls --with-sysroot=/ --enable-clocale=gnu --enable-libstdcxx-debug --enable-libstdcxx-time=yes --enable-gnu-unique-object --disable-libmudflap --enable-plugin --with-system-zlib --disable-browser-plugin --enable-java-awt=gtk --enable-gtk-cairo --with-java-home=/usr/lib/jvm/java-1.5.0-gcj-4.8-amd64/jre --enable-java-home --with-jvm-root-dir=/usr/lib/jvm/java-1.5.0-gcj-4.8-amd64 --with-jvm-jar-dir=/usr/lib/jvm-exports/java-1.5.0-gcj-4.8-amd64 --with-arch-directory=amd64 --with-ecj-jar=/usr/share/java/eclipse-ecj.jar --enable-objc-gc --enable-multiarch --disable-werror --with-arch-32=i686 --with-abi=m64 --with-multilib-list=m32,m64,mx32 --with-tune=generic --enable-checking=release --build=x86_64-linux-gnu --host=x86_64-linux-gnu --target=x86_64-linux-gnu
Thread model: posix
gcc version 4.8.2 (Ubuntu 4.8.2-19ubuntu1) 
configure:2564: $? = 0
configure:2553: mpicc -V >&5
cc: error: unrecognized command line option '-V'
configure:2564: $? = 1
configure:2553: mpicc -qversion >&5
cc: error: unrecognized command line option '-qversion'
configure:2564: $? = 1
configure:2584: checking whether the C compiler works
configure:2606: mpicc -DHISTORY   conftest.c  >&5
configure:2610: $? = 0
configure:2658: result: yes
configure:2661: checking for C compiler default output file name
configure:2663: result: a.out
configure:2669: checking for suffix of executables
configure:2676: mpicc -o conftest -DHISTORY   conftest.c  >&5
configure:2680: $? = 0
configure:2702: result: 
configure:2724: checking whether we are cross compiling
configure:2732: mpicc -o conftest -DHISTORY   conftest.c  >&5
configure:2736: $? = 0
configure:2743: ./conftest
configure:2747: $? = 0
configure:2762: result: no
configure:2767: checking for suffix of object files
configure:2789: mpicc -c -DHISTORY  conftest.c >&5
configure:2793: $? = 0
configure:2814: result: o
configure:2818: checking whether we are using the GNU C compiler
configure:2837: mpicc -c -DHISTORY  conftest.c >&5
configure:2837: $? = 0
configure:2846: result: yes
configure:2855: checking whether mpicc accepts -g
configure:2875: mpicc -c -g  conftest.c >&5
configure:2875: $? = 0
configure:2916: result: yes
configure:2933: checking for mpicc option to accept ISO C89
configure:2996: mpicc  -c -DHISTORY  conftest.c >&5
configure:2996: $? = 0
configure:3009: result: none needed
configure:3041: mpicc -c -DHISTORY  conftest.c >&5
configure:3041: $? = 0
configure:3042: result: yes
configure:3066: checking how to run the C preprocessor
configure:3097: mpicc -E  conftest.c
configure:3097: $? = 0
configure:3111: mpicc -E  conftest.c
conftest.c:9:28: fatal error: ac_nonexistent.h: No such file or directory
 #include <ac_nonexistent.h>
                            ^
compilation terminated.
configure:3111: $? = 1
configure: failed program was:
| /* confdefs.h */
| #define PACKAGE_NAME "darshan-runtime"
| #define PACKAGE_TARNAME "darshan-runtime"
| #define PACKAGE_VERSION "2.3.0"
| #define PACKAGE_STRING "darshan-runtime 2.3.0"
| #define PACKAGE_BUGREPORT ""
| #define PACKAGE_URL ""
| /* end confdefs.h.  */
| #include <ac_nonexistent.h>
configure:3136: result: mpicc -E
configure:3156: mpicc -E  conftest.c
configure:3156: $? = 0
configure:3170: mpicc -E  conftest.c
conftest.c:9:28: fatal error: ac_nonexistent.h: No such file or directory
 #include <ac_nonexistent.h>
                            ^
compilation terminated.
configure:3170: $? = 1
configure: failed program was:
| /* confdefs.h */
| #define PACKAGE_NAME "darshan-runtime"
| #define PACKAGE_TARNAME "darshan-runtime"
| #define PACKAGE_VERSION "2.3.0"
| #define PACKAGE_STRING "darshan-runtime 2.3.0"
| #define PACKAGE_BUGREPORT ""
| #define PACKAGE_URL ""
| /* end confdefs.h.  */
| #include <ac_nonexistent.h>
configure:3199: checking for grep that handles long lines and -e
configure:3257: result: /bin/grep
configure:3262: checking for egrep
configure:3324: result: /bin/grep -E
configure:3329: checking for ANSI C header files
configure:3349: mpicc -c -DHISTORY  conftest.c >&5
configure:3349: $? = 0
configure:3422: mpicc -o conftest -DHISTORY   conftest.c  >&5
configure:3422: $? = 0
configure:3422: ./conftest
configure:3422: $? = 0
configure:3433: result: yes
configure:3446: checking for sys/types.h
configure:3446: mpicc -c -DHISTORY  conftest.c >&5
configure:3446: $? = 0
configure:3446: result: yes
configure:3446: checking for sys/stat.h
configure:3446: mpicc -c -DHISTORY  conftest.c >&5
configure:3446: $? = 0
configure:3446: result: yes
configure:3446: checking for stdlib.h
configure:3446: mpicc -c -DHISTORY  conftest.c >&5
configure:3446: $? = 0
configure:3446: result: yes
configure:3446: checking for string.h
configure:3446: mpicc -c -DHISTORY  conftest.c >&5
configure:3446: $? = 0
configure:3446: result: yes
configure:3446: checking for memory.h
configure:3446: mpicc -c -DHISTORY  conftest.c >&5
configure:3446: $? = 0
configure:3446: result: yes
configure:3446: checking for strings.h
configure:3446: mpicc -c -DHISTORY  conftest.c >&5
configure:3446: $? = 0
configure:3446: result: yes
configure:3446: checking for inttypes.h
configure:3446: mpicc -c -DHISTORY  conftest.c >&5
configure:3446: $? = 0
configure:3446: result: yes
configure:3446: checking for stdint.h
configure:3446: mpicc -c -DHISTORY  conftest.c >&5
configure:3446: $? = 0
configure:3446: result: yes
configure:3446: checking for unistd.h
configure:3446: mpicc -c -DHISTORY  conftest.c >&5
configure:3446: $? = 0
configure:3446: result: yes
configure:3461: checking if zlib is wanted
configure:3780: checking for inttypes.h
configure:3780: result: yes
configure:3791: checking whether the inttypes.h PRIxNN macros are broken
configure:3812: mpicc -c -DHISTORY  conftest.c >&5
configure:3812: $? = 0
configure:3820: result: no
configure:3840: checking for inttypes.h
configure:3840: result: yes
configure:3854: checking whether byte ordering is bigendian
configure:3869: mpicc -c -DHISTORY  conftest.c >&5
conftest.c:26:9: error: unknown type name 'not'
         not a universal capable compiler
         ^
conftest.c:26:15: error: expected '=', ',', ';', 'asm' or '__attribute__' before 'universal'
         not a universal capable compiler
               ^
conftest.c:26:15: error: unknown type name 'universal'
configure:3869: $? = 1
configure: failed program was:
| /* confdefs.h */
| #define PACKAGE_NAME "darshan-runtime"
| #define PACKAGE_TARNAME "darshan-runtime"
| #define PACKAGE_VERSION "2.3.0"
| #define PACKAGE_STRING "darshan-runtime 2.3.0"
| #define PACKAGE_BUGREPORT ""
| #define PACKAGE_URL ""
| #define STDC_HEADERS 1
| #define HAVE_SYS_TYPES_H 1
| #define HAVE_SYS_STAT_H 1
| #define HAVE_STDLIB_H 1
| #define HAVE_STRING_H 1
| #define HAVE_MEMORY_H 1
| #define HAVE_STRINGS_H 1
| #define HAVE_INTTYPES_H 1
| #define HAVE_STDINT_H 1
| #define HAVE_UNISTD_H 1
| #define __CP_MEM_ALIGNMENT 8
| #define __CP_LOG_PATH "./darshan"
| #define CP_JOBID "PBS_JOBID"
| #define __CP_LOG_HINTS "romio_no_indep_rw=true;cb_nodes=4"
| #define HAVE_INTTYPES_H 1
| #define HAVE_INTTYPES_H 1
| /* end confdefs.h.  */
| #ifndef __APPLE_CC__
| 	       not a universal capable compiler
| 	     #endif
| 	     typedef int dummy;
| 
configure:3914: mpicc -c -DHISTORY  conftest.c >&5
configure:3914: $? = 0
configure:3932: mpicc -c -DHISTORY  conftest.c >&5
conftest.c: In function 'main':
conftest.c:32:4: error: unknown type name 'not'
    not big endian
    ^
conftest.c:32:12: error: expected '=', ',', ';', 'asm' or '__attribute__' before 'endian'
    not big endian
            ^
configure:3932: $? = 1
configure: failed program was:
| /* confdefs.h */
| #define PACKAGE_NAME "darshan-runtime"
| #define PACKAGE_TARNAME "darshan-runtime"
| #define PACKAGE_VERSION "2.3.0"
| #define PACKAGE_STRING "darshan-runtime 2.3.0"
| #define PACKAGE_BUGREPORT ""
| #define PACKAGE_URL ""
| #define STDC_HEADERS 1
| #define HAVE_SYS_TYPES_H 1
| #define HAVE_SYS_STAT_H 1
| #define HAVE_STDLIB_H 1
| #define HAVE_STRING_H 1
| #define HAVE_MEMORY_H 1
| #define HAVE_STRINGS_H 1
| #define HAVE_INTTYPES_H 1
| #define HAVE_STDINT_H 1
| #define HAVE_UNISTD_H 1
| #define __CP_MEM_ALIGNMENT 8
| #define __CP_LOG_PATH "./darshan"
| #define CP_JOBID "PBS_JOBID"
| #define __CP_LOG_HINTS "romio_no_indep_rw=true;cb_nodes=4"
| #define HAVE_INTTYPES_H 1
| #define HAVE_INTTYPES_H 1
| /* end confdefs.h.  */
| #include <sys/types.h>
| 		#include <sys/param.h>
| 
| int
| main ()
| {
| #if BYTE_ORDER != BIG_ENDIAN
| 		 not big endian
| 		#endif
| 
|   ;
|   return 0;
| }
configure:4060: result: no
configure:4081: checking for struct aiocb64
configure:4096: mpicc -c -DHISTORY -D_FILE_OFFSET_BITS=64 -D_LARGEFILE64_SOURCE  conftest.c >&5
configure:4096: $? = 0
configure:4097: result: yes
configure:4112: checking for off64_t
configure:4141: mpicc -c -DHISTORY -D_FILE_OFFSET_BITS=64 -D_LARGEFILE64_SOURCE  conftest.c >&5
configure:4141: $? = 0
configure:4142: result: yes
configure:4158: checking mntent.h usability
configure:4158: mpicc -c -DHISTORY  conftest.c >&5
configure:4158: $? = 0
configure:4158: result: yes
configure:4158: checking mntent.h presence
configure:4158: mpicc -E  conftest.c
configure:4158: $? = 0
configure:4158: result: yes
configure:4158: checking for mntent.h
configure:4158: result: yes
configure:4158: checking sys/mount.h usability
configure:4158: mpicc -c -DHISTORY  conftest.c >&5
configure:4158: $? = 0
configure:4158: result: yes
configure:4158: checking sys/mount.h presence
configure:4158: mpicc -E  conftest.c
configure:4158: $? = 0
configure:4158: result: yes
configure:4158: checking for sys/mount.h
configure:4158: result: yes
configure:4194: checking for MPI-IO support in MPI
configure:4214: mpicc -o conftest -DHISTORY   conftest.c  >&5
configure:4214: $? = 0
configure:4215: result: yes
configure:4227: checking for MPI-IO prototypes without const qualifier
configure:4245: mpicc -c -DHISTORY  conftest.c >&5
conftest.c:31:9: error: conflicting types for 'MPI_File_open'
     int MPI_File_open(MPI_Comm comm, char *filename, int amode,
         ^
In file included from /usr/include/mpich/mpi.h:2121:0,
                 from conftest.c:30:
/usr/include/mpich/mpio.h:119:5: note: previous declaration of 'MPI_File_open' was here
 int MPI_File_open(MPI_Comm comm, const char *filename, int amode, MPI_Info info, MPI_File *fh);
     ^
configure:4245: $? = 1
configure: failed program was:
| /* confdefs.h */
| #define PACKAGE_NAME "darshan-runtime"
| #define PACKAGE_TARNAME "darshan-runtime"
| #define PACKAGE_VERSION "2.3.0"
| #define PACKAGE_STRING "darshan-runtime 2.3.0"
| #define PACKAGE_BUGREPORT ""
| #define PACKAGE_URL ""
| #define STDC_HEADERS 1
| #define HAVE_SYS_TYPES_H 1
| #define HAVE_SYS_STAT_H 1
| #define HAVE_STDLIB_H 1
| #define HAVE_STRING_H 1
| #define HAVE_MEMORY_H 1
| #define HAVE_STRINGS_H 1
| #define HAVE_INTTYPES_H 1
| #define HAVE_STDINT_H 1
| #define HAVE_UNISTD_H 1
| #define __CP_MEM_ALIGNMENT 8
| #define __CP_LOG_PATH "./darshan"
| #define CP_JOBID "PBS_JOBID"
| #define __CP_LOG_HINTS "romio_no_indep_rw=true;cb_nodes=4"
| #define HAVE_INTTYPES_H 1
| #define HAVE_INTTYPES_H 1
| #define HAVE_AIOCB64 1
| #define HAVE_OFF64_T 1
| #define HAVE_MNTENT_H 1
| #define HAVE_SYS_MOUNT_H 1
| /* end confdefs.h.  */
| 
|     #include <mpi.h>
|     int MPI_File_open(MPI_Comm comm, char *filename, int amode,
|         MPI_Info info, MPI_File *fh)
|         {return 0;}
| 
| int
| main ()
| {
| 
|   ;
|   return 0;
| }
configure:4249: result: no
configure:4254: checking for MPI-IO prototypes with const qualifier
configure:4272: mpicc -c -DHISTORY  conftest.c >&5
configure:4272: $? = 0
configure:4273: result: yes
configure:4289: checking for shared libraries in MPI
configure:4305: mpicc -o conftest -DHISTORY -shared -fpic -DPIC   conftest.c  -ldl >&5
configure:4305: $? = 0
configure:4306: result: yes
configure:4326: checking for MPIO_Request
configure:4326: mpicc -c -DHISTORY  conftest.c >&5
configure:4326: $? = 0
configure:4326: mpicc -c -DHISTORY  conftest.c >&5
conftest.c: In function 'main':
conftest.c:35:27: error: expected expression before ')' token
 if (sizeof ((MPIO_Request)))
                           ^
configure:4326: $? = 1
configure: failed program was:
| /* confdefs.h */
| #define PACKAGE_NAME "darshan-runtime"
| #define PACKAGE_TARNAME "darshan-runtime"
| #define PACKAGE_VERSION "2.3.0"
| #define PACKAGE_STRING "darshan-runtime 2.3.0"
| #define PACKAGE_BUGREPORT ""
| #define PACKAGE_URL ""
| #define STDC_HEADERS 1
| #define HAVE_SYS_TYPES_H 1
| #define HAVE_SYS_STAT_H 1
| #define HAVE_STDLIB_H 1
| #define HAVE_STRING_H 1
| #define HAVE_MEMORY_H 1
| #define HAVE_STRINGS_H 1
| #define HAVE_INTTYPES_H 1
| #define HAVE_STDINT_H 1
| #define HAVE_UNISTD_H 1
| #define __CP_MEM_ALIGNMENT 8
| #define __CP_LOG_PATH "./darshan"
| #define CP_JOBID "PBS_JOBID"
| #define __CP_LOG_HINTS "romio_no_indep_rw=true;cb_nodes=4"
| #define HAVE_INTTYPES_H 1
| #define HAVE_INTTYPES_H 1
| #define HAVE_AIOCB64 1
| #define HAVE_OFF64_T 1
| #define HAVE_MNTENT_H 1
| #define HAVE_SYS_MOUNT_H 1
| #define HAVE_MPIIO_CONST 1
| /* end confdefs.h.  */
| #include <mpi.h>
| 
| int
| main ()
| {
| if (sizeof ((MPIO_Request)))
| 	    return 0;
|   ;
|   return 0;
| }
configure:4326: result: yes
configure:4467: creating ./config.status

## ---------------------- ##
## Running config.status. ##
## ---------------------- ##

This file was extended by darshan-runtime config.status 2.3.0, which was
generated by GNU Autoconf 2.69.  Invocation command line was

  CONFIG_FILES    = 
  CONFIG_HEADERS  = 
  CONFIG_LINKS    = 
  CONFIG_COMMANDS = 
  $ ./config.status 

on ubuntu

config.status:832: creating Makefile
config.status:832: creating darshan-mk-log-dirs.pl
config.status:832: creating darshan-gen-cc.pl
config.status:832: creating darshan-gen-cxx.pl
config.status:832: creating darshan-gen-fortran.pl
config.status:832: creating darshan-config
config.status:832: creating share/craype-1.x/darshan-module
config.status:832: creating share/craype-2.x/darshan-module
config.status:832: creating lib/pkgconfig/darshan-runtime.pc
config.status:832: creating darshan-runtime-config.h
config.status:1007: darshan-runtime-config.h is unchanged

## ---------------- ##
## Cache variables. ##
## ---------------- ##

ac_cv_c_bigendian=no
ac_cv_c_compiler_gnu=yes
ac_cv_env_CC_set=set
ac_cv_env_CC_value=mpicc
ac_cv_env_CFLAGS_set=set
ac_cv_env_CFLAGS_value=-DHISTORY
ac_cv_env_CPPFLAGS_set=
ac_cv_env_CPPFLAGS_value=
ac_cv_env_CPP_set=
ac_cv_env_CPP_value=
ac_cv_env_LDFLAGS_set=
ac_cv_env_LDFLAGS_value=
ac_cv_env_LIBS_set=
ac_cv_env_LIBS_value=
ac_cv_env_build_alias_set=
ac_cv_env_build_alias_value=
ac_cv_env_host_alias_set=
ac_cv_env_host_alias_value=
ac_cv_env_target_alias_set=
ac_cv_env_target_alias_value=
ac_cv_header_inttypes_h=yes
ac_cv_header_memory_h=yes
ac_cv_header_mntent_h=yes
ac_cv_header_stdc=yes
ac_cv_header_stdint_h=yes
ac_cv_header_stdlib_h=yes
ac_cv_header_string_h=yes
ac_cv_header_strings_h=yes
ac_cv_header_sys_mount_h=yes
ac_cv_header_sys_stat_h=yes
ac_cv_header_sys_types_h=yes
ac_cv_header_unistd_h=yes
ac_cv_objext=o
ac_cv_path_EGREP='/bin/grep -E'
ac_cv_path_GREP=/bin/grep
ac_cv_path_install='/usr/bin/install -c'
ac_cv_prog_CPP='mpicc -E'
ac_cv_prog_ac_ct_CC=mpicc
ac_cv_prog_cc_c89=
ac_cv_prog_cc_g=yes
ac_cv_type_MPIO_Request=yes
gt_cv_inttypes_pri_broken=no

## ----------------- ##
## Output variables. ##
## ----------------- ##

CC='mpicc'
CFLAGS='-DHISTORY'
CPP='mpicc -E'
CPPFLAGS=''
CP_WRAPPERS='-Wl,-u,MPI_Init,-u,MPI_Wtime,-wrap,write,-wrap,open,-wrap,creat,-wrap,creat64,-wrap,open64,-wrap,close,-wrap,read,-wrap,lseek,-wrap,lseek64,-wrap,pread,-wrap,pwrite,-wrap,readv,-wrap,writev,-wrap,__xstat,-wrap,__lxstat,-wrap,__fxstat,-wrap,__xstat64,-wrap,__lxstat64,-wrap,__fxstat64,-wrap,mmap,-wrap,mmap64,-wrap,fopen,-wrap,fclose,-wrap,fread,-wrap,fwrite,-wrap,fseek,-wrap,fopen64,-wrap,pread64,-wrap,pwrite64,-wrap,fsync,-wrap,fdatasync,-wrap,ncmpi_create,-wrap,ncmpi_open,-wrap,ncmpi_close,-wrap,H5Fcreate,-wrap,H5Fopen,-wrap,H5Fclose,-wrap,aio_write,-wrap,aio_write64,-wrap,aio_read,-wrap,aio_read64,-wrap,lio_listio,-wrap,lio_listio64,-wrap,aio_return,-wrap,aio_return64'
DARSHAN_VERSION='2.3.0'
DEFS='-DHAVE_CONFIG_H'
DISABLE_LDPRELOAD=''
ECHO_C=''
ECHO_N='-n'
ECHO_T=''
EGREP='/bin/grep -E'
EXEEXT=''
GREP='/bin/grep'
INSTALL_DATA='${INSTALL} -m 644'
INSTALL_PROGRAM='${INSTALL}'
INSTALL_SCRIPT='${INSTALL}'
LDFLAGS=''
LIBOBJS=''
LIBS=''
LTLIBOBJS=''
OBJEXT='o'
PACKAGE_BUGREPORT=''
PACKAGE_NAME='darshan-runtime'
PACKAGE_STRING='darshan-runtime 2.3.0'
PACKAGE_TARNAME='darshan-runtime'
PACKAGE_URL=''
PACKAGE_VERSION='2.3.0'
PATH_SEPARATOR=':'
PRI_MACROS_BROKEN='0'
SHELL='/bin/bash'
__CP_LOG_PATH='./darshan'
ac_ct_CC='mpicc'
bindir='${exec_prefix}/bin'
build_alias=''
darshan_bin_path='/usr/local/bin'
darshan_lib_path='/usr/local/lib'
datadir='${datarootdir}'
datarootdir='${prefix}/share'
docdir='${datarootdir}/doc/${PACKAGE_TARNAME}'
dvidir='${docdir}'
exec_prefix='${prefix}'
host_alias=''
htmldir='${docdir}'
includedir='${prefix}/include'
infodir='${datarootdir}/info'
libdir='${exec_prefix}/lib'
libexecdir='${exec_prefix}/libexec'
localedir='${datarootdir}/locale'
localstatedir='${prefix}/var'
mandir='${datarootdir}/man'
oldincludedir='/usr/include'
pdfdir='${docdir}'
prefix='/usr/local'
program_transform_name='s,x,x,'
psdir='${docdir}'
sbindir='${exec_prefix}/sbin'
sharedstatedir='${prefix}/com'
sysconfdir='${prefix}/etc'
target_alias=''

## ----------- ##
## confdefs.h. ##
## ----------- ##

/* confdefs.h */
#define PACKAGE_NAME "darshan-runtime"
#define PACKAGE_TARNAME "darshan-runtime"
#define PACKAGE_VERSION "2.3.0"
#define PACKAGE_STRING "darshan-runtime 2.3.0"
#define PACKAGE_BUGREPORT ""
#define PACKAGE_URL ""
#define STDC_HEADERS 1
#define HAVE_SYS_TYPES_H 1
#define HAVE_SYS_STAT_H 1
#define HAVE_STDLIB_H 1
#define HAVE_STRING_H 1
#define HAVE_MEMORY_H 1
#define HAVE_STRINGS_H 1
#define HAVE_INTTYPES_H 1
#define HAVE_STDINT_H 1
#define HAVE_UNISTD_H 1
#define __CP_MEM_ALIGNMENT 8
#define __CP_LOG_PATH "./darshan"
#define CP_JOBID "PBS_JOBID"
#define __CP_LOG_HINTS "romio_no_indep_rw=true;cb_nodes=4"
#define HAVE_INTTYPES_H 1
#define HAVE_INTTYPES_H 1
#define HAVE_AIOCB64 1
#define HAVE_OFF64_T 1
#define HAVE_MNTENT_H 1
#define HAVE_SYS_MOUNT_H 1
#define HAVE_MPIIO_CONST 1
#define __D_MPI_REQUEST MPIO_Request

configure: exit 0
